This file contains any messages produced by compilers while
running configure, to aid debugging if configure makes a mistake.

It was created by openvswitch configure 3.2.1, which was
generated by GNU Autoconf 2.71.  Invocation command line was

  $ /home/iwai/ovs/configure

## --------- ##
## Platform. ##
## --------- ##

hostname = ovs
uname -m = x86_64
uname -r = 5.15.0-88-generic
uname -s = Linux
uname -v = #98-Ubuntu SMP Mon Oct 2 15:18:56 UTC 2023

/usr/bin/uname -p = x86_64
/bin/uname -X     = unknown

/bin/arch              = x86_64
/usr/bin/arch -k       = unknown
/usr/convex/getsysinfo = unknown
/usr/bin/hostinfo      = unknown
/bin/machine           = unknown
/usr/bin/oslevel       = unknown
/bin/universe          = unknown

PATH: /usr/local/sbin/
PATH: /usr/local/bin/
PATH: /usr/sbin/
PATH: /usr/bin/
PATH: /sbin/
PATH: /bin/
PATH: /usr/games/
PATH: /usr/local/games/
PATH: /snap/bin/
PATH: /home/iwai/.cache/JetBrains/RemoteDev/dist/b21c2b5ff1f19_CLion-2023.2.2/bin/ninja/linux/x64/


## ----------- ##
## Core tests. ##
## ----------- ##

configure:3387: looking for aux files: config.guess config.sub ltmain.sh compile missing install-sh
configure:3400:  trying /home/iwai/ovs/build-aux/
configure:3429:   /home/iwai/ovs/build-aux/config.guess found
configure:3429:   /home/iwai/ovs/build-aux/config.sub found
configure:3429:   /home/iwai/ovs/build-aux/ltmain.sh found
configure:3429:   /home/iwai/ovs/build-aux/compile found
configure:3429:   /home/iwai/ovs/build-aux/missing found
configure:3411:   /home/iwai/ovs/build-aux/install-sh found
configure:3565: checking for a BSD-compatible install
configure:3638: result: /usr/bin/install -c
configure:3649: checking whether build environment is sane
configure:3704: result: yes
configure:3863: checking for a race-free mkdir -p
configure:3907: result: /usr/bin/mkdir -p
configure:3914: checking for gawk
configure:3935: found /usr/bin/gawk
configure:3946: result: gawk
configure:3957: checking whether make sets $(MAKE)
configure:3980: result: yes
configure:4010: checking whether make supports nested variables
configure:4028: result: yes
configure:4045: error: source directory already configured; run "make distclean" there first

## ---------------- ##
## Cache variables. ##
## ---------------- ##

ac_cv_env_CCC_set=
ac_cv_env_CCC_value=
ac_cv_env_CC_set=
ac_cv_env_CC_value=
ac_cv_env_CFLAGS_set=
ac_cv_env_CFLAGS_value=
ac_cv_env_CPPFLAGS_set=
ac_cv_env_CPPFLAGS_value=
ac_cv_env_CPP_set=
ac_cv_env_CPP_value=
ac_cv_env_CXXCPP_set=
ac_cv_env_CXXCPP_value=
ac_cv_env_CXXFLAGS_set=
ac_cv_env_CXXFLAGS_value=
ac_cv_env_CXX_set=
ac_cv_env_CXX_value=
ac_cv_env_DPDK_CFLAGS_set=
ac_cv_env_DPDK_CFLAGS_value=
ac_cv_env_DPDK_LIBS_set=
ac_cv_env_DPDK_LIBS_value=
ac_cv_env_KARCH_set=
ac_cv_env_KARCH_value=
ac_cv_env_LDFLAGS_set=
ac_cv_env_LDFLAGS_value=
ac_cv_env_LIBS_set=
ac_cv_env_LIBS_value=
ac_cv_env_LT_SYS_LIBRARY_PATH_set=
ac_cv_env_LT_SYS_LIBRARY_PATH_value=
ac_cv_env_PKG_CONFIG_LIBDIR_set=
ac_cv_env_PKG_CONFIG_LIBDIR_value=
ac_cv_env_PKG_CONFIG_PATH_set=
ac_cv_env_PKG_CONFIG_PATH_value=
ac_cv_env_PKG_CONFIG_set=
ac_cv_env_PKG_CONFIG_value=
ac_cv_env_PYTHON3_set=
ac_cv_env_PYTHON3_value=
ac_cv_env_SPHINXBUILD_set=
ac_cv_env_SPHINXBUILD_value=
ac_cv_env_build_alias_set=
ac_cv_env_build_alias_value=
ac_cv_env_host_alias_set=
ac_cv_env_host_alias_value=
ac_cv_env_target_alias_set=
ac_cv_env_target_alias_value=
ac_cv_path_install='/usr/bin/install -c'
ac_cv_path_mkdir=/usr/bin/mkdir
ac_cv_prog_AWK=gawk
ac_cv_prog_make_make_set=yes
am_cv_make_support_nested_variables=yes

## ----------------- ##
## Output variables. ##
## ----------------- ##

ACLOCAL=''
AMDEPBACKSLASH=''
AMDEP_FALSE=''
AMDEP_TRUE=''
AMTAR=''
AM_BACKSLASH='\'
AM_DEFAULT_V='$(AM_DEFAULT_VERBOSITY)'
AM_DEFAULT_VERBOSITY='1'
AM_V='$(V)'
AR=''
AUTOCONF=''
AUTOHEADER=''
AUTOM4TE=''
AUTOMAKE=''
AWK='gawk'
CAPNG_LDADD=''
CC=''
CCDEPMODE=''
CFLAGS=''
CGCCFLAGS=''
CPP=''
CPPFLAGS=''
CSCOPE=''
CTAGS=''
CXX=''
CXXCPP=''
CXXDEPMODE=''
CXXFLAGS=''
CYGPATH_W=''
DBDIR=''
DEFS=''
DEPDIR=''
DLLTOOL=''
DPDK_CFLAGS=''
DPDK_LIBS=''
DPDK_NETDEV_FALSE=''
DPDK_NETDEV_TRUE=''
DPDK_vswitchd_LDFLAGS=''
DSYMUTIL=''
DUMPBIN=''
ECHO_C=''
ECHO_N='-n'
ECHO_T=''
EGREP=''
ENABLE_SPARSE_BY_DEFAULT_FALSE=''
ENABLE_SPARSE_BY_DEFAULT_TRUE=''
ETAGS=''
EXEEXT=''
FGREP=''
FLAKE8_WERROR=''
GREP=''
HAVE_AF_XDP_FALSE=''
HAVE_AF_XDP_TRUE=''
HAVE_AVX512BW_FALSE=''
HAVE_AVX512BW_TRUE=''
HAVE_AVX512F_FALSE=''
HAVE_AVX512F_TRUE=''
HAVE_AVX512VBMI_FALSE=''
HAVE_AVX512VBMI_TRUE=''
HAVE_AVX512VL_FALSE=''
HAVE_AVX512VL_TRUE=''
HAVE_AVX512VPOPCNTDQ_FALSE=''
HAVE_AVX512VPOPCNTDQ_TRUE=''
HAVE_BACKTRACE=''
HAVE_BACKTRACE_FALSE=''
HAVE_BACKTRACE_TRUE=''
HAVE_CXX11=''
HAVE_CXX_FALSE=''
HAVE_CXX_TRUE=''
HAVE_DOT_FALSE=''
HAVE_DOT_TRUE=''
HAVE_FLAKE8_FALSE=''
HAVE_FLAKE8_TRUE=''
HAVE_GCC_AVX512VL_GOOD_FALSE=''
HAVE_GCC_AVX512VL_GOOD_TRUE=''
HAVE_GROFF_FALSE=''
HAVE_GROFF_TRUE=''
HAVE_IF_DL_FALSE=''
HAVE_IF_DL_TRUE=''
HAVE_LD_AVX512_GOOD_FALSE=''
HAVE_LD_AVX512_GOOD_TRUE=''
HAVE_LIBCAPNG=''
HAVE_LIBCAPNG_FALSE=''
HAVE_LIBCAPNG_TRUE=''
HAVE_NETLINK_FALSE=''
HAVE_NETLINK_TRUE=''
HAVE_OPENSSL=''
HAVE_OPENSSL_FALSE=''
HAVE_OPENSSL_TRUE=''
HAVE_POSIX_AIO_FALSE=''
HAVE_POSIX_AIO_TRUE=''
HAVE_SPHINX_FALSE=''
HAVE_SPHINX_TRUE=''
HAVE_TCA_HTB_RATE64=''
HAVE_TCA_POLICE_PKTRATE64=''
HAVE_UNBOUND=''
HAVE_UNBOUND_FALSE=''
HAVE_UNBOUND_TRUE=''
HAVE_UNWIND=''
HAVE_UNWIND_FALSE=''
HAVE_UNWIND_TRUE=''
HAVE_USDT_PROBES_FALSE=''
HAVE_USDT_PROBES_TRUE=''
HAVE_WNO_UNUSED_FALSE=''
HAVE_WNO_UNUSED_PARAMETER_FALSE=''
HAVE_WNO_UNUSED_PARAMETER_TRUE=''
HAVE_WNO_UNUSED_TRUE=''
INCLUDE_NEXT=''
INCLUDE_NEXT_AS_FIRST_DIRECTIVE=''
INSTALL_DATA='${INSTALL} -m 644'
INSTALL_PROGRAM='${INSTALL}'
INSTALL_SCRIPT='${INSTALL}'
INSTALL_STRIP_PROGRAM='$(install_sh) -c -s'
KARCH=''
LD=''
LDFLAGS=''
LIBOBJS=''
LIBS=''
LIBTOOL=''
LINUX_FALSE=''
LINUX_TRUE=''
LIPO=''
LN_S=''
LOGDIR=''
LTLIBOBJS=''
LT_AGE=''
LT_CURRENT=''
LT_REVISION=''
LT_SYS_LIBRARY_PATH=''
MAKEINFO=''
MANIFEST_TOOL=''
MKDIR_P='/usr/bin/mkdir -p'
MSVC64_LDFLAGS=''
MSVC_CFLAGS=''
MSVC_PLATFORM=''
NDEBUG_FALSE=''
NDEBUG_TRUE=''
NEXT_AS_FIRST_DIRECTIVE_STDIO_H=''
NEXT_AS_FIRST_DIRECTIVE_STRING_H=''
NEXT_STDIO_H=''
NEXT_STRING_H=''
NM=''
NMEDIT=''
OBJDUMP=''
OBJEXT=''
OPENSSL_SUPPORTS_SNI=''
OTOOL64=''
OTOOL=''
OVS_CFLAGS=''
OVS_CTAGS_IDENTIFIERS_LIST=''
OVS_LDFLAGS=''
OVS_LTINFO=''
PACKAGE=''
PACKAGE_BUGREPORT='bugs@openvswitch.org'
PACKAGE_NAME='openvswitch'
PACKAGE_STRING='openvswitch 3.2.1'
PACKAGE_TARNAME='openvswitch'
PACKAGE_URL=''
PACKAGE_VERSION='3.2.1'
PATH_SEPARATOR=':'
PKG_CONFIG=''
PKG_CONFIG_LIBDIR=''
PKG_CONFIG_PATH=''
PKIDIR=''
PRAGMA_COLUMNS=''
PRAGMA_SYSTEM_HEADER=''
PTHREAD_INCLUDES=''
PTHREAD_LDFLAGS=''
PTHREAD_LIBS=''
PTHREAD_WIN32_DIR_DLL=''
PTHREAD_WIN32_DIR_DLL_WIN_FORM=''
PYTHON3=''
RANLIB=''
RUNDIR=''
SED=''
SET_MAKE=''
SHELL='/bin/bash'
SPARSE=''
SPARSEFLAGS=''
SPARSE_EXTRA_INCLUDES=''
SPARSE_WERROR=''
SPHINXBUILD=''
SSL_DIR=''
SSL_INCLUDES=''
SSL_LDFLAGS=''
SSL_LIBS=''
STRIP=''
VERSION=''
VSTUDIO_CONFIG=''
VSTUDIO_DDK_FALSE=''
VSTUDIO_DDK_TRUE=''
VSTUDIO_WIN10_FALSE=''
VSTUDIO_WIN10_TRUE=''
VSTUDIO_WIN8_1_FALSE=''
VSTUDIO_WIN8_1_TRUE=''
VSTUDIO_WIN8_FALSE=''
VSTUDIO_WIN8_TRUE=''
WARNING_FLAGS=''
WIN32_FALSE=''
WIN32_TRUE=''
ac_ct_AR=''
ac_ct_CC=''
ac_ct_CXX=''
ac_ct_DUMPBIN=''
am__EXEEXT_FALSE=''
am__EXEEXT_TRUE=''
am__fastdepCC_FALSE=''
am__fastdepCC_TRUE=''
am__fastdepCXX_FALSE=''
am__fastdepCXX_TRUE=''
am__include=''
am__isrc=' -I$(srcdir)'
am__leading_dot='.'
am__nodep=''
am__quote=''
am__tar=''
am__untar=''
bindir='${exec_prefix}/bin'
build=''
build_alias=''
build_cpu=''
build_os=''
build_vendor=''
datadir='${datarootdir}'
datarootdir='${prefix}/share'
docdir='${datarootdir}/doc/${PACKAGE_TARNAME}'
dvidir='${docdir}'
exec_prefix='NONE'
host=''
host_alias=''
host_cpu=''
host_os=''
host_vendor=''
htmldir='${docdir}'
includedir='${prefix}/include'
infodir='${datarootdir}/info'
install_sh='${SHELL} /home/iwai/ovs/build-aux/install-sh'
libdir='${exec_prefix}/lib'
libexecdir='${exec_prefix}/libexec'
localedir='${datarootdir}/locale'
localstatedir='${prefix}/var'
mandir='${datarootdir}/man'
mkdir_p=''
oldincludedir='/usr/include'
pdfdir='${docdir}'
prefix='NONE'
program_transform_name='s,x,x,'
psdir='${docdir}'
runstatedir='${localstatedir}/run'
sbindir='${exec_prefix}/sbin'
sharedstatedir='${prefix}/com'
sysconfdir='${prefix}/etc'
target_alias=''

## ----------- ##
## confdefs.h. ##
## ----------- ##

/* confdefs.h */
#define PACKAGE_NAME "openvswitch"
#define PACKAGE_TARNAME "openvswitch"
#define PACKAGE_VERSION "3.2.1"
#define PACKAGE_STRING "openvswitch 3.2.1"
#define PACKAGE_BUGREPORT "bugs@openvswitch.org"
#define PACKAGE_URL ""

configure: exit 1
